<?xml version="1.0" encoding="UTF-8"?>
<!-- Generated by org.testng.reporters.JUnitReportReporter -->
<testsuite skipped="0" hostname="WKWIN1066863" name="com.shopping.framework.testcases.women.tops.ShoppingTest" tests="1" failures="0" timestamp="24 Oct 2018 08:15:41 GMT" time="19.017" errors="0">
  <testcase name="verifySortDropDownItems" time="19.017" classname="com.shopping.framework.testcases.women.tops.ShoppingTest"/>
</testsuite> <!-- com.shopping.framework.testcases.women.tops.ShoppingTest -->
