<?xml version="1.0" encoding="UTF-8"?>
<!-- Generated by org.testng.reporters.JUnitReportReporter -->
<testsuite skipped="0" hostname="WKWIN1066863" name="com.shopping.framework.testcases.women.tops.HomePageTest" tests="4" failures="0" timestamp="24 Oct 2018 08:15:41 GMT" time="0.001" errors="0">
  <testcase name="divide" time="0.000" classname="com.shopping.framework.testcases.women.tops.HomePageTest"/>
  <testcase name="add" time="0.000" classname="com.shopping.framework.testcases.women.tops.HomePageTest"/>
  <testcase name="mult" time="0.000" classname="com.shopping.framework.testcases.women.tops.HomePageTest"/>
  <testcase name="sub" time="0.001" classname="com.shopping.framework.testcases.women.tops.HomePageTest"/>
</testsuite> <!-- com.shopping.framework.testcases.women.tops.HomePageTest -->
